Info: Generated by version: 20.1 build 177
Info: Starting: Create simulation model
Info: qsys-generate /nfs/site/disks/psg_data_30/bbhimava/IOFS_AC/n6000/src/qsfp/ip/i2c_bfm.ip --simulation=VERILOG --allow-mixed-language-simulation --output-directory=/nfs/site/disks/psg_data_30/bbhimava/IOFS_AC/n6000/src/qsfp/ip/i2c_bfm --family="Stratix 10" --part=1SG280LU3F50I2LG
Info: i2c_bfm: "Transforming system: i2c_bfm"
Info: i2c_bfm: "Naming system components in system: i2c_bfm"
Info: i2c_bfm: "Processing generation queue"
Info: i2c_bfm: "Generating: i2c_bfm"
Info: i2c_bfm: "Generating: altera_i2cslave_to_avlmm_bridge"
Info: i2c_bfm: Done "i2c_bfm" with 2 modules, 11 files
Info: Generating the following file(s) for MODELSIM simulator in /nfs/site/disks/psg_data_30/bbhimava/IOFS_AC/n6000/src/qsfp/ip/i2c_bfm/sim/ directory:
Info: 	common/modelsim_files.tcl
Info: Generating the following file(s) for VCSMX simulator in /nfs/site/disks/psg_data_30/bbhimava/IOFS_AC/n6000/src/qsfp/ip/i2c_bfm/sim/ directory:
Info: 	common/vcsmx_files.tcl
Info: Generating the following file(s) for VCS simulator in /nfs/site/disks/psg_data_30/bbhimava/IOFS_AC/n6000/src/qsfp/ip/i2c_bfm/sim/ directory:
Info: 	common/vcs_files.tcl
Info: Generating the following file(s) for RIVIERA simulator in /nfs/site/disks/psg_data_30/bbhimava/IOFS_AC/n6000/src/qsfp/ip/i2c_bfm/sim/ directory:
Info: 	common/riviera_files.tcl
Info: Generating the following file(s) for NCSIM simulator in /nfs/site/disks/psg_data_30/bbhimava/IOFS_AC/n6000/src/qsfp/ip/i2c_bfm/sim/ directory:
Info: 	common/ncsim_files.tcl
Info: Generating the following file(s) for XCELIUM simulator in /nfs/site/disks/psg_data_30/bbhimava/IOFS_AC/n6000/src/qsfp/ip/i2c_bfm/sim/ directory:
Info: 	common/xcelium_files.tcl
Info: For information on how to simulate your IP, see the explanatory comments in the simulator-specific subdirectories under /nfs/site/disks/psg_data_30/bbhimava/IOFS_AC/n6000/src/qsfp/ip/i2c_bfm/sim/.
Info: Regenerate these scripts whenever you make any change to any Quartus-generated IP in your project.
Info: qsys-generate succeeded.
Info: Finished: Create simulation model
Info: Starting: Create Modelsim Project.
Info: sim-script-gen --system-file=/nfs/site/disks/psg_data_30/bbhimava/IOFS_AC/n6000/src/qsfp/ip/i2c_bfm.ip --output-directory=/nfs/site/disks/psg_data_30/bbhimava/IOFS_AC/n6000/src/qsfp/ip/i2c_bfm/sim/ --use-relative-paths=true
Info: Generating the following file(s) for MODELSIM simulator in /nfs/site/disks/psg_data_30/bbhimava/IOFS_AC/n6000/src/qsfp/ip/i2c_bfm/sim/ directory:
Info: 	mentor/msim_setup.tcl
Info: Generating the following file(s) for VCSMX simulator in /nfs/site/disks/psg_data_30/bbhimava/IOFS_AC/n6000/src/qsfp/ip/i2c_bfm/sim/ directory:
Info: 	synopsys/vcsmx/synopsys_sim.setup
Info: 	synopsys/vcsmx/vcsmx_setup.sh
Info: Generating the following file(s) for VCS simulator in /nfs/site/disks/psg_data_30/bbhimava/IOFS_AC/n6000/src/qsfp/ip/i2c_bfm/sim/ directory:
Info: 	synopsys/vcs/vcs_setup.sh
Info: Generating the following file(s) for RIVIERA simulator in /nfs/site/disks/psg_data_30/bbhimava/IOFS_AC/n6000/src/qsfp/ip/i2c_bfm/sim/ directory:
Info: 	aldec/rivierapro_setup.tcl
Info: Generating the following file(s) for NCSIM simulator in /nfs/site/disks/psg_data_30/bbhimava/IOFS_AC/n6000/src/qsfp/ip/i2c_bfm/sim/ directory:
Info: 	cadence/cds.lib
Info: 	cadence/hdl.var
Info: 	cadence/ncsim_setup.sh
Info: 	2 .cds.lib files in cadence/cds_libs/ directory
Info: Generating the following file(s) for XCELIUM simulator in /nfs/site/disks/psg_data_30/bbhimava/IOFS_AC/n6000/src/qsfp/ip/i2c_bfm/sim/ directory:
Info: 	xcelium/cds.lib
Info: 	xcelium/hdl.var
Info: 	xcelium/xcelium_setup.sh
Info: 	2 .cds.lib files in xcelium/cds_libs/ directory
Info: For information on how to simulate your IP, see the explanatory comments in the simulator-specific subdirectories under /nfs/site/disks/psg_data_30/bbhimava/IOFS_AC/n6000/src/qsfp/ip/i2c_bfm/sim/.
Info: Regenerate these scripts whenever you make any change to any Quartus-generated IP in your project.
Info: Finished: Create Modelsim Project.
Info: Starting: Create block symbol file (.bsf)
Info: qsys-generate /nfs/site/disks/psg_data_30/bbhimava/IOFS_AC/n6000/src/qsfp/ip/i2c_bfm.ip --block-symbol-file --output-directory=/nfs/site/disks/psg_data_30/bbhimava/IOFS_AC/n6000/src/qsfp/ip/i2c_bfm --family="Stratix 10" --part=1SG280LU3F50I2LG
Info: qsys-generate succeeded.
Info: Finished: Create block symbol file (.bsf)
Info: 
Info: Starting: Create HDL design files for synthesis
Info: qsys-generate /nfs/site/disks/psg_data_30/bbhimava/IOFS_AC/n6000/src/qsfp/ip/i2c_bfm.ip --synthesis=VERILOG --output-directory=/nfs/site/disks/psg_data_30/bbhimava/IOFS_AC/n6000/src/qsfp/ip/i2c_bfm --family="Stratix 10" --part=1SG280LU3F50I2LG
Info: i2c_bfm: "Transforming system: i2c_bfm"
Info: i2c_bfm: "Naming system components in system: i2c_bfm"
Info: i2c_bfm: "Processing generation queue"
Info: i2c_bfm: "Generating: i2c_bfm"
Info: i2c_bfm: "Generating: altera_i2cslave_to_avlmm_bridge"
Info: i2c_bfm: Done "i2c_bfm" with 2 modules, 11 files
Info: qsys-generate succeeded.
Info: Finished: Create HDL design files for synthesis
Info: Starting: Generate IP Core Documentation
Info: No documentation filesets were found for components in i2c_bfm. No files generated.
Info: Finished: Generate IP Core Documentation
